{
  "RSpec": {
    "coverage": {
      "/home/sergey/rubygarage/codebreaker-console/lib/autoload.rb": {
        "lines": [
          null,
          null,
          1,
          1,
          1,
          null,
          1,
          1,
          1,
          1,
          1,
          1,
          1,
          1,
          1,
          1,
          1
        ]
      },
      "/home/sergey/rubygarage/codebreaker-console/lib/console.rb": {
        "lines": [
          null,
          null,
          1,
          1,
          1,
          null,
          1,
          19,
          null,
          null,
          1,
          1,
          null,
          null,
          1,
          1,
          null,
          null
        ]
      },
      "/home/sergey/rubygarage/codebreaker-console/lib/states/state.rb": {
        "lines": [
          null,
          null,
          1,
          1,
          null,
          1,
          null,
          1,
          38,
          null,
          null,
          1,
          1,
          null,
          null,
          1,
          null,
          1,
          0,
          0,
          null,
          null,
          1,
          2,
          2,
          null,
          null,
          1,
          2,
          null,
          null,
          1,
          2,
          null,
          null,
          1,
          0,
          null,
          null
        ]
      },
      "/home/sergey/rubygarage/codebreaker-console/lib/states/welcome_state.rb": {
        "lines": [
          null,
          null,
          1,
          1,
          5,
          5,
          1,
          1,
          1,
          1,
          null,
          1,
          null,
          null,
          null
        ]
      },
      "/home/sergey/rubygarage/codebreaker-console/lib/states/registration_state.rb": {
        "lines": [
          null,
          null,
          1,
          1,
          1,
          1,
          1,
          null,
          null,
          1,
          null,
          1,
          1,
          1,
          1,
          1,
          null,
          0,
          0,
          null,
          null,
          1,
          1,
          1,
          1,
          1,
          null,
          0,
          0,
          null,
          null
        ]
      },
      "/home/sergey/rubygarage/codebreaker-console/lib/states/menu_state.rb": {
        "lines": [
          null,
          null,
          1,
          1,
          4,
          4,
          1,
          1,
          1,
          null,
          1,
          null,
          null,
          null
        ]
      },
      "/home/sergey/rubygarage/codebreaker-console/lib/states/guess_state.rb": {
        "lines": [
          null,
          null,
          1,
          1,
          1,
          null,
          1,
          1,
          1,
          1,
          1,
          1,
          null,
          1,
          null,
          0,
          0,
          null,
          null,
          1,
          null,
          1,
          1,
          null,
          null,
          1,
          1,
          null,
          null
        ]
      },
      "/home/sergey/rubygarage/codebreaker-console/lib/states/summary_state.rb": {
        "lines": [
          null,
          null,
          1,
          1,
          1,
          1,
          1,
          0,
          null,
          1,
          null,
          1,
          null,
          null,
          1,
          null,
          1,
          1,
          1,
          null,
          null,
          1,
          1,
          1,
          null,
          null
        ]
      },
      "/home/sergey/rubygarage/codebreaker-console/lib/states/save_state.rb": {
        "lines": [
          null,
          null,
          1,
          1,
          1,
          null,
          null
        ]
      },
      "/home/sergey/rubygarage/codebreaker-console/lib/states/rules_state.rb": {
        "lines": [
          null,
          null,
          1,
          1,
          1,
          null,
          null,
          null,
          1,
          null,
          null
        ]
      },
      "/home/sergey/rubygarage/codebreaker-console/lib/states/stats_state.rb": {
        "lines": [
          null,
          null,
          1,
          1,
          1,
          1,
          1,
          5,
          5,
          null,
          1,
          null,
          null
        ]
      },
      "/home/sergey/rubygarage/codebreaker-console/lib/states/hint_state.rb": {
        "lines": [
          null,
          null,
          1,
          1,
          2,
          2,
          1,
          1,
          null,
          1,
          1,
          null,
          null,
          null
        ]
      },
      "/home/sergey/rubygarage/codebreaker-console/spec/shared/common.rb": {
        "lines": [
          null,
          null,
          1,
          26,
          null,
          26,
          null,
          14,
          null,
          9,
          17,
          null,
          null
        ]
      },
      "/home/sergey/rubygarage/codebreaker-console/spec/shared/set_game.rb": {
        "lines": [
          null,
          null,
          1,
          4,
          5,
          null,
          null
        ]
      },
      "/home/sergey/rubygarage/codebreaker-console/spec/console_spec.rb": {
        "lines": [
          null,
          null,
          1,
          3,
          null,
          1,
          1,
          1,
          null,
          null,
          1,
          1,
          1,
          null,
          null
        ]
      },
      "/home/sergey/rubygarage/codebreaker-console/spec/states/guess_state_spec.rb": {
        "lines": [
          null,
          null,
          1,
          1,
          1,
          1,
          null,
          1,
          2,
          1,
          null,
          null,
          null
        ]
      },
      "/home/sergey/rubygarage/codebreaker-console/spec/states/hint_state_spec.rb": {
        "lines": [
          null,
          null,
          1,
          1,
          1,
          1,
          null,
          1,
          1,
          null,
          null,
          1,
          1,
          1,
          null,
          null,
          null
        ]
      },
      "/home/sergey/rubygarage/codebreaker-console/spec/states/menu_state_spec.rb": {
        "lines": [
          null,
          null,
          1,
          1,
          1,
          null,
          null,
          1,
          null,
          null,
          null,
          3,
          6,
          3,
          null,
          null,
          null,
          1,
          2,
          1,
          null,
          null,
          null
        ]
      },
      "/home/sergey/rubygarage/codebreaker-console/spec/states/registration_state_spec.rb": {
        "lines": [
          null,
          null,
          1,
          1,
          1,
          null,
          2,
          2,
          2,
          null,
          1,
          1,
          1,
          null,
          null,
          null
        ]
      },
      "/home/sergey/rubygarage/codebreaker-console/spec/states/rules_state_spec.rb": {
        "lines": [
          null,
          null,
          1,
          1,
          1,
          null,
          1,
          1,
          null,
          null,
          null
        ]
      },
      "/home/sergey/rubygarage/codebreaker-console/spec/states/save_state_spec.rb": {
        "lines": [
          null,
          null,
          1,
          1,
          1,
          1,
          null,
          1,
          1,
          1,
          null,
          null,
          null
        ]
      },
      "/home/sergey/rubygarage/codebreaker-console/spec/states/state_spec.rb": {
        "lines": [
          null,
          null,
          1,
          1,
          2,
          null,
          1,
          2,
          null,
          null,
          null
        ]
      },
      "/home/sergey/rubygarage/codebreaker-console/spec/states/stats_state_spec.rb": {
        "lines": [
          null,
          null,
          1,
          1,
          1,
          null,
          1,
          1,
          1,
          null,
          null,
          null
        ]
      },
      "/home/sergey/rubygarage/codebreaker-console/spec/states/summary_state_spec.rb": {
        "lines": [
          null,
          null,
          1,
          1,
          1,
          1,
          null,
          1,
          3,
          1,
          null,
          null,
          null
        ]
      },
      "/home/sergey/rubygarage/codebreaker-console/spec/states/welcome_state_spec.rb": {
        "lines": [
          null,
          null,
          1,
          1,
          1,
          null,
          null,
          1,
          null,
          null,
          null,
          null,
          4,
          8,
          4,
          null,
          null,
          null,
          1,
          2,
          1,
          null,
          null,
          null
        ]
      }
    },
    "timestamp": 1597300206
  }
}
